2022/02/11 09:29:17 [error] 34#34: *9 open() "/var/www/html/public/login" failed (2: No such file or directory), client: 172.19.0.1, server: smart_wallet.com, request: "POST /login HTTP/1.1", host: "localhost:8080", referrer: "http://localhost:8080/login"
2022/02/11 09:30:23 [notice] 1#1: signal 3 (SIGQUIT) received, shutting down
2022/02/11 09:30:23 [notice] 31#31: gracefully shutting down
2022/02/11 09:30:23 [notice] 33#33: gracefully shutting down
2022/02/11 09:30:23 [notice] 35#35: gracefully shutting down
2022/02/11 09:30:23 [notice] 32#32: gracefully shutting down
2022/02/11 09:30:23 [notice] 34#34: gracefully shutting down
2022/02/11 09:30:23 [notice] 37#37: gracefully shutting down
2022/02/11 09:30:23 [notice] 31#31: exiting
2022/02/11 09:30:23 [notice] 36#36: gracefully shutting down
2022/02/11 09:30:23 [notice] 33#33: exiting
2022/02/11 09:30:23 [notice] 38#38: gracefully shutting down
2022/02/11 09:30:23 [notice] 35#35: exiting
2022/02/11 09:30:23 [notice] 37#37: exiting
2022/02/11 09:30:23 [notice] 32#32: exiting
2022/02/11 09:30:23 [notice] 31#31: exit
2022/02/11 09:30:23 [notice] 34#34: exiting
2022/02/11 09:30:23 [notice] 33#33: exit
2022/02/11 09:30:23 [notice] 36#36: exiting
2022/02/11 09:30:23 [notice] 38#38: exiting
2022/02/11 09:30:23 [notice] 35#35: exit
2022/02/11 09:30:23 [notice] 37#37: exit
2022/02/11 09:30:23 [notice] 32#32: exit
2022/02/11 09:30:23 [notice] 34#34: exit
2022/02/11 09:30:23 [notice] 36#36: exit
2022/02/11 09:30:23 [notice] 38#38: exit
2022/02/11 09:30:23 [notice] 1#1: signal 17 (SIGCHLD) received from 34
2022/02/11 09:30:23 [notice] 1#1: worker process 34 exited with code 0
2022/02/11 09:30:23 [notice] 1#1: worker process 37 exited with code 0
2022/02/11 09:30:23 [notice] 1#1: signal 29 (SIGIO) received
2022/02/11 09:30:23 [notice] 1#1: signal 17 (SIGCHLD) received from 32
2022/02/11 09:30:23 [notice] 1#1: worker process 31 exited with code 0
2022/02/11 09:30:23 [notice] 1#1: worker process 32 exited with code 0
2022/02/11 09:30:23 [notice] 1#1: worker process 33 exited with code 0
2022/02/11 09:30:23 [notice] 1#1: worker process 35 exited with code 0
2022/02/11 09:30:23 [notice] 1#1: signal 29 (SIGIO) received
2022/02/11 09:30:23 [notice] 1#1: signal 17 (SIGCHLD) received from 35
2022/02/11 09:30:23 [notice] 1#1: signal 17 (SIGCHLD) received from 38
2022/02/11 09:30:23 [notice] 1#1: worker process 36 exited with code 0
2022/02/11 09:30:23 [notice] 1#1: worker process 38 exited with code 0
2022/02/11 09:30:23 [notice] 1#1: exit
2022/02/11 09:31:52 [notice] 1#1: using the "epoll" event method
2022/02/11 09:31:52 [notice] 1#1: nginx/1.21.6
2022/02/11 09:31:52 [notice] 1#1: built by gcc 10.2.1 20210110 (Debian 10.2.1-6)
2022/02/11 09:31:52 [notice] 1#1: OS: Linux 5.10.16.3-microsoft-standard-WSL2
2022/02/11 09:31:52 [notice] 1#1: getrlimit(RLIMIT_NOFILE): 1048576:1048576
2022/02/11 09:31:52 [notice] 1#1: start worker processes
2022/02/11 09:31:52 [notice] 1#1: start worker process 32
2022/02/11 09:31:52 [notice] 1#1: start worker process 33
2022/02/11 09:31:52 [notice] 1#1: start worker process 34
2022/02/11 09:31:52 [notice] 1#1: start worker process 35
2022/02/11 09:31:52 [notice] 1#1: start worker process 36
2022/02/11 09:31:52 [notice] 1#1: start worker process 37
2022/02/11 09:31:52 [notice] 1#1: start worker process 38
2022/02/11 09:31:52 [notice] 1#1: start worker process 39
2022/02/11 11:49:34 [notice] 1#1: signal 3 (SIGQUIT) received, shutting down
2022/02/11 11:49:34 [notice] 34#34: gracefully shutting down
2022/02/11 11:49:34 [notice] 36#36: gracefully shutting down
2022/02/11 11:49:34 [notice] 34#34: exiting
2022/02/11 11:49:34 [notice] 35#35: gracefully shutting down
2022/02/11 11:49:34 [notice] 37#37: gracefully shutting down
2022/02/11 11:49:34 [notice] 32#32: gracefully shutting down
2022/02/11 11:49:34 [notice] 33#33: gracefully shutting down
2022/02/11 11:49:34 [notice] 34#34: exit
2022/02/11 11:49:34 [notice] 39#39: gracefully shutting down
2022/02/11 11:49:34 [notice] 39#39: exiting
2022/02/11 11:49:34 [notice] 32#32: exiting
2022/02/11 11:49:34 [notice] 39#39: exit
2022/02/11 11:49:34 [notice] 38#38: gracefully shutting down
2022/02/11 11:49:34 [notice] 35#35: exiting
2022/02/11 11:49:34 [notice] 36#36: exiting
2022/02/11 11:49:34 [notice] 37#37: exiting
2022/02/11 11:49:34 [notice] 36#36: exit
2022/02/11 11:49:34 [notice] 37#37: exit
2022/02/11 11:49:34 [notice] 33#33: exiting
2022/02/11 11:49:34 [notice] 32#32: exit
2022/02/11 11:49:34 [notice] 35#35: exit
2022/02/11 11:49:34 [notice] 38#38: exiting
2022/02/11 11:49:34 [notice] 33#33: exit
2022/02/11 11:49:34 [notice] 38#38: exit
2022/02/11 11:49:34 [notice] 1#1: signal 17 (SIGCHLD) received from 39
2022/02/11 11:49:34 [notice] 1#1: worker process 39 exited with code 0
2022/02/11 11:49:34 [notice] 1#1: worker process 37 exited with code 0
2022/02/11 11:49:34 [notice] 1#1: worker process 33 exited with code 0
2022/02/11 11:49:34 [notice] 1#1: worker process 34 exited with code 0
2022/02/11 11:49:34 [notice] 1#1: signal 29 (SIGIO) received
2022/02/11 11:49:34 [notice] 1#1: signal 17 (SIGCHLD) received from 37
2022/02/11 11:49:34 [notice] 1#1: signal 17 (SIGCHLD) received from 38
2022/02/11 11:49:34 [notice] 1#1: worker process 38 exited with code 0
2022/02/11 11:49:34 [notice] 1#1: signal 29 (SIGIO) received
2022/02/11 11:49:34 [notice] 1#1: signal 17 (SIGCHLD) received from 36
2022/02/11 11:49:34 [notice] 1#1: worker process 32 exited with code 0
2022/02/11 11:49:34 [notice] 1#1: worker process 35 exited with code 0
2022/02/11 11:49:34 [notice] 1#1: worker process 36 exited with code 0
2022/02/11 11:49:34 [notice] 1#1: exit
2022/02/13 18:46:01 [notice] 1#1: using the "epoll" event method
2022/02/13 18:46:01 [notice] 1#1: nginx/1.21.6
2022/02/13 18:46:01 [notice] 1#1: built by gcc 10.2.1 20210110 (Debian 10.2.1-6) 
2022/02/13 18:46:01 [notice] 1#1: OS: Linux 5.10.16.3-microsoft-standard-WSL2
2022/02/13 18:46:01 [notice] 1#1: getrlimit(RLIMIT_NOFILE): 1048576:1048576
2022/02/13 18:46:01 [notice] 1#1: start worker processes
2022/02/13 18:46:01 [notice] 1#1: start worker process 31
2022/02/13 18:46:01 [notice] 1#1: start worker process 32
2022/02/13 18:46:01 [notice] 1#1: start worker process 33
2022/02/13 18:46:01 [notice] 1#1: start worker process 34
2022/02/13 18:46:01 [notice] 1#1: start worker process 35
2022/02/13 18:46:01 [notice] 1#1: start worker process 36
2022/02/13 18:46:01 [notice] 1#1: start worker process 37
2022/02/13 18:46:01 [notice] 1#1: start worker process 38
2022/02/13 18:57:42 [notice] 1#1: signal 3 (SIGQUIT) received, shutting down
2022/02/13 18:57:42 [notice] 33#33: gracefully shutting down
2022/02/13 18:57:42 [notice] 35#35: gracefully shutting down
2022/02/13 18:57:42 [notice] 31#31: gracefully shutting down
2022/02/13 18:57:42 [notice] 34#34: gracefully shutting down
2022/02/13 18:57:42 [notice] 32#32: gracefully shutting down
2022/02/13 18:57:42 [notice] 38#38: gracefully shutting down
2022/02/13 18:57:42 [notice] 37#37: gracefully shutting down
2022/02/13 18:57:42 [notice] 36#36: gracefully shutting down
2022/02/13 18:57:42 [notice] 33#33: exiting
2022/02/13 18:57:42 [notice] 35#35: exiting
2022/02/13 18:57:42 [notice] 31#31: exiting
2022/02/13 18:57:42 [notice] 32#32: exiting
2022/02/13 18:57:42 [notice] 34#34: exiting
2022/02/13 18:57:42 [notice] 38#38: exiting
2022/02/13 18:57:42 [notice] 32#32: exit
2022/02/13 18:57:42 [notice] 37#37: exiting
2022/02/13 18:57:42 [notice] 36#36: exiting
2022/02/13 18:57:42 [notice] 34#34: exit
2022/02/13 18:57:42 [notice] 31#31: exit
2022/02/13 18:57:42 [notice] 33#33: exit
2022/02/13 18:57:42 [notice] 35#35: exit
2022/02/13 18:57:42 [notice] 38#38: exit
2022/02/13 18:57:42 [notice] 36#36: exit
2022/02/13 18:57:42 [notice] 37#37: exit
2022/02/13 18:57:42 [notice] 1#1: signal 17 (SIGCHLD) received from 35
2022/02/13 18:57:42 [notice] 1#1: worker process 35 exited with code 0
2022/02/13 18:57:42 [notice] 1#1: signal 29 (SIGIO) received
2022/02/13 18:57:42 [notice] 1#1: signal 17 (SIGCHLD) received from 33
2022/02/13 18:57:42 [notice] 1#1: worker process 32 exited with code 0
2022/02/13 18:57:42 [notice] 1#1: worker process 33 exited with code 0
2022/02/13 18:57:42 [notice] 1#1: worker process 34 exited with code 0
2022/02/13 18:57:42 [notice] 1#1: worker process 36 exited with code 0
2022/02/13 18:57:42 [notice] 1#1: worker process 37 exited with code 0
2022/02/13 18:57:42 [notice] 1#1: worker process 38 exited with code 0
2022/02/13 18:57:42 [notice] 1#1: signal 29 (SIGIO) received
2022/02/13 18:57:42 [notice] 1#1: signal 17 (SIGCHLD) received from 38
2022/02/13 18:57:42 [notice] 1#1: signal 17 (SIGCHLD) received from 31
2022/02/13 18:57:42 [notice] 1#1: worker process 31 exited with code 0
2022/02/13 18:57:42 [notice] 1#1: exit
2022/02/13 19:27:26 [notice] 1#1: using the "epoll" event method
2022/02/13 19:27:26 [notice] 1#1: nginx/1.21.6
2022/02/13 19:27:26 [notice] 1#1: built by gcc 10.2.1 20210110 (Debian 10.2.1-6) 
2022/02/13 19:27:26 [notice] 1#1: OS: Linux 5.10.16.3-microsoft-standard-WSL2
2022/02/13 19:27:26 [notice] 1#1: getrlimit(RLIMIT_NOFILE): 1048576:1048576
2022/02/13 19:27:26 [notice] 1#1: start worker processes
2022/02/13 19:27:26 [notice] 1#1: start worker process 32
2022/02/13 19:27:26 [notice] 1#1: start worker process 33
2022/02/13 19:27:26 [notice] 1#1: start worker process 34
2022/02/13 19:27:26 [notice] 1#1: start worker process 35
2022/02/13 19:27:26 [notice] 1#1: start worker process 36
2022/02/13 19:27:26 [notice] 1#1: start worker process 37
2022/02/13 19:27:26 [notice] 1#1: start worker process 38
2022/02/13 19:27:26 [notice] 1#1: start worker process 39
2022/02/13 19:49:30 [notice] 1#1: signal 3 (SIGQUIT) received, shutting down
2022/02/13 19:49:30 [notice] 39#39: gracefully shutting down
2022/02/13 19:49:30 [notice] 33#33: gracefully shutting down
2022/02/13 19:49:30 [notice] 35#35: gracefully shutting down
2022/02/13 19:49:30 [notice] 37#37: gracefully shutting down
2022/02/13 19:49:30 [notice] 32#32: gracefully shutting down
2022/02/13 19:49:30 [notice] 34#34: gracefully shutting down
2022/02/13 19:49:30 [notice] 33#33: exiting
2022/02/13 19:49:30 [notice] 36#36: gracefully shutting down
2022/02/13 19:49:30 [notice] 39#39: exiting
2022/02/13 19:49:30 [notice] 38#38: gracefully shutting down
2022/02/13 19:49:30 [notice] 35#35: exiting
2022/02/13 19:49:30 [notice] 37#37: exiting
2022/02/13 19:49:30 [notice] 34#34: exiting
2022/02/13 19:49:30 [notice] 38#38: exiting
2022/02/13 19:49:30 [notice] 32#32: exiting
2022/02/13 19:49:30 [notice] 36#36: exiting
2022/02/13 19:49:30 [notice] 37#37: exit
2022/02/13 19:49:30 [notice] 39#39: exit
2022/02/13 19:49:30 [notice] 34#34: exit
2022/02/13 19:49:30 [notice] 33#33: exit
2022/02/13 19:49:30 [notice] 32#32: exit
2022/02/13 19:49:30 [notice] 35#35: exit
2022/02/13 19:49:30 [notice] 36#36: exit
2022/02/13 19:49:30 [notice] 38#38: exit
2022/02/13 19:49:31 [notice] 1#1: signal 17 (SIGCHLD) received from 35
2022/02/13 19:49:31 [notice] 1#1: worker process 32 exited with code 0
2022/02/13 19:49:31 [notice] 1#1: worker process 33 exited with code 0
2022/02/13 19:49:31 [notice] 1#1: worker process 34 exited with code 0
2022/02/13 19:49:31 [notice] 1#1: worker process 35 exited with code 0
2022/02/13 19:49:31 [notice] 1#1: worker process 36 exited with code 0
2022/02/13 19:49:31 [notice] 1#1: worker process 39 exited with code 0
2022/02/13 19:49:31 [notice] 1#1: signal 29 (SIGIO) received
2022/02/13 19:49:31 [notice] 1#1: signal 17 (SIGCHLD) received from 33
2022/02/13 19:49:31 [notice] 1#1: signal 17 (SIGCHLD) received from 38
2022/02/13 19:49:31 [notice] 1#1: worker process 37 exited with code 0
2022/02/13 19:49:31 [notice] 1#1: worker process 38 exited with code 0
2022/02/13 19:49:31 [notice] 1#1: exit
2022/02/13 19:49:38 [notice] 1#1: using the "epoll" event method
2022/02/13 19:49:38 [notice] 1#1: nginx/1.21.6
2022/02/13 19:49:38 [notice] 1#1: built by gcc 10.2.1 20210110 (Debian 10.2.1-6) 
2022/02/13 19:49:38 [notice] 1#1: OS: Linux 5.10.16.3-microsoft-standard-WSL2
2022/02/13 19:49:38 [notice] 1#1: getrlimit(RLIMIT_NOFILE): 1048576:1048576
2022/02/13 19:49:38 [notice] 1#1: start worker processes
2022/02/13 19:49:38 [notice] 1#1: start worker process 31
2022/02/13 19:49:38 [notice] 1#1: start worker process 32
2022/02/13 19:49:38 [notice] 1#1: start worker process 33
2022/02/13 19:49:38 [notice] 1#1: start worker process 34
2022/02/13 19:49:38 [notice] 1#1: start worker process 35
2022/02/13 19:49:38 [notice] 1#1: start worker process 36
2022/02/13 19:49:38 [notice] 1#1: start worker process 37
2022/02/13 19:49:38 [notice] 1#1: start worker process 38
2022/02/13 19:50:49 [notice] 1#1: signal 3 (SIGQUIT) received, shutting down
2022/02/13 19:50:49 [notice] 31#31: gracefully shutting down
2022/02/13 19:50:49 [notice] 32#32: gracefully shutting down
2022/02/13 19:50:49 [notice] 33#33: gracefully shutting down
2022/02/13 19:50:49 [notice] 35#35: gracefully shutting down
2022/02/13 19:50:49 [notice] 34#34: gracefully shutting down
2022/02/13 19:50:49 [notice] 37#37: gracefully shutting down
2022/02/13 19:50:49 [notice] 38#38: gracefully shutting down
2022/02/13 19:50:49 [notice] 36#36: gracefully shutting down
2022/02/13 19:50:49 [notice] 31#31: exiting
2022/02/13 19:50:49 [notice] 36#36: exiting
2022/02/13 19:50:49 [notice] 32#32: exiting
2022/02/13 19:50:49 [notice] 32#32: exit
2022/02/13 19:50:49 [notice] 33#33: exiting
2022/02/13 19:50:49 [notice] 35#35: exiting
2022/02/13 19:50:49 [notice] 34#34: exiting
2022/02/13 19:50:49 [notice] 37#37: exiting
2022/02/13 19:50:49 [notice] 38#38: exiting
2022/02/13 19:50:49 [notice] 31#31: exit
2022/02/13 19:50:49 [notice] 36#36: exit
2022/02/13 19:50:49 [notice] 33#33: exit
2022/02/13 19:50:49 [notice] 35#35: exit
2022/02/13 19:50:49 [notice] 34#34: exit
2022/02/13 19:50:49 [notice] 37#37: exit
2022/02/13 19:50:49 [notice] 38#38: exit
2022/02/13 19:51:57 [notice] 1#1: using the "epoll" event method
2022/02/13 19:51:57 [notice] 1#1: nginx/1.21.6
2022/02/13 19:51:57 [notice] 1#1: built by gcc 10.2.1 20210110 (Debian 10.2.1-6) 
2022/02/13 19:51:57 [notice] 1#1: OS: Linux 5.10.16.3-microsoft-standard-WSL2
2022/02/13 19:51:57 [notice] 1#1: getrlimit(RLIMIT_NOFILE): 1048576:1048576
2022/02/13 19:51:57 [notice] 1#1: start worker processes
2022/02/13 19:51:57 [notice] 1#1: start worker process 31
2022/02/13 19:51:57 [notice] 1#1: start worker process 32
2022/02/13 19:51:57 [notice] 1#1: start worker process 33
2022/02/13 19:51:57 [notice] 1#1: start worker process 34
2022/02/13 19:51:57 [notice] 1#1: start worker process 35
2022/02/13 19:51:57 [notice] 1#1: start worker process 36
2022/02/13 19:51:57 [notice] 1#1: start worker process 37
2022/02/13 19:51:57 [notice] 1#1: start worker process 38
2022/02/13 19:53:29 [notice] 1#1: signal 3 (SIGQUIT) received, shutting down
2022/02/13 19:53:29 [notice] 31#31: gracefully shutting down
2022/02/13 19:53:29 [notice] 38#38: gracefully shutting down
2022/02/13 19:53:29 [notice] 33#33: gracefully shutting down
2022/02/13 19:53:29 [notice] 32#32: gracefully shutting down
2022/02/13 19:53:29 [notice] 35#35: gracefully shutting down
2022/02/13 19:53:29 [notice] 36#36: gracefully shutting down
2022/02/13 19:53:29 [notice] 37#37: gracefully shutting down
2022/02/13 19:53:29 [notice] 34#34: gracefully shutting down
2022/02/13 19:53:29 [notice] 31#31: exiting
2022/02/13 19:53:29 [notice] 38#38: exiting
2022/02/13 19:53:29 [notice] 33#33: exiting
2022/02/13 19:53:29 [notice] 38#38: exit
2022/02/13 19:53:29 [notice] 32#32: exiting
2022/02/13 19:53:29 [notice] 35#35: exiting
2022/02/13 19:53:29 [notice] 36#36: exiting
2022/02/13 19:53:29 [notice] 37#37: exiting
2022/02/13 19:53:29 [notice] 34#34: exiting
2022/02/13 19:53:29 [notice] 31#31: exit
2022/02/13 19:53:29 [notice] 33#33: exit
2022/02/13 19:53:29 [notice] 32#32: exit
2022/02/13 19:53:29 [notice] 35#35: exit
2022/02/13 19:53:29 [notice] 36#36: exit
2022/02/13 19:53:29 [notice] 37#37: exit
2022/02/13 19:53:29 [notice] 34#34: exit
2022/02/13 19:53:29 [notice] 1#1: signal 17 (SIGCHLD) received from 36
2022/02/13 19:53:29 [notice] 1#1: worker process 36 exited with code 0
2022/02/13 19:53:29 [notice] 1#1: worker process 37 exited with code 0
2022/02/13 19:53:29 [notice] 1#1: signal 29 (SIGIO) received
2022/02/13 19:53:29 [notice] 1#1: signal 17 (SIGCHLD) received from 33
2022/02/13 19:53:29 [notice] 1#1: worker process 32 exited with code 0
2022/02/13 19:53:29 [notice] 1#1: worker process 33 exited with code 0
2022/02/13 19:53:29 [notice] 1#1: signal 17 (SIGCHLD) received from 32
2022/02/13 19:53:29 [notice] 1#1: signal 29 (SIGIO) received
2022/02/13 19:53:29 [notice] 1#1: signal 17 (SIGCHLD) received from 38
2022/02/13 19:53:29 [notice] 1#1: worker process 31 exited with code 0
2022/02/13 19:53:29 [notice] 1#1: worker process 34 exited with code 0
2022/02/13 19:53:29 [notice] 1#1: worker process 35 exited with code 0
2022/02/13 19:53:29 [notice] 1#1: worker process 38 exited with code 0
2022/02/13 19:53:29 [notice] 1#1: exit
2022/02/13 19:53:48 [notice] 1#1: using the "epoll" event method
2022/02/13 19:53:48 [notice] 1#1: nginx/1.21.6
2022/02/13 19:53:48 [notice] 1#1: built by gcc 10.2.1 20210110 (Debian 10.2.1-6) 
2022/02/13 19:53:48 [notice] 1#1: OS: Linux 5.10.16.3-microsoft-standard-WSL2
2022/02/13 19:53:48 [notice] 1#1: getrlimit(RLIMIT_NOFILE): 1048576:1048576
2022/02/13 19:53:48 [notice] 1#1: start worker processes
2022/02/13 19:53:48 [notice] 1#1: start worker process 30
2022/02/13 19:53:48 [notice] 1#1: start worker process 31
2022/02/13 19:53:48 [notice] 1#1: start worker process 32
2022/02/13 19:53:48 [notice] 1#1: start worker process 33
2022/02/13 19:53:48 [notice] 1#1: start worker process 34
2022/02/13 19:53:48 [notice] 1#1: start worker process 35
2022/02/13 19:53:48 [notice] 1#1: start worker process 36
2022/02/13 19:53:48 [notice] 1#1: start worker process 37
2022/02/13 19:54:33 [notice] 1#1: signal 3 (SIGQUIT) received, shutting down
2022/02/13 19:54:33 [notice] 35#35: gracefully shutting down
2022/02/13 19:54:33 [notice] 31#31: gracefully shutting down
2022/02/13 19:54:33 [notice] 37#37: gracefully shutting down
2022/02/13 19:54:33 [notice] 30#30: gracefully shutting down
2022/02/13 19:54:33 [notice] 33#33: gracefully shutting down
2022/02/13 19:54:33 [notice] 34#34: gracefully shutting down
2022/02/13 19:54:33 [notice] 32#32: gracefully shutting down
2022/02/13 19:54:33 [notice] 36#36: gracefully shutting down
2022/02/13 19:54:33 [notice] 35#35: exiting
2022/02/13 19:54:33 [notice] 31#31: exiting
2022/02/13 19:54:33 [notice] 37#37: exiting
2022/02/13 19:54:33 [notice] 30#30: exiting
2022/02/13 19:54:33 [notice] 33#33: exiting
2022/02/13 19:54:33 [notice] 34#34: exiting
2022/02/13 19:54:33 [notice] 32#32: exiting
2022/02/13 19:54:33 [notice] 36#36: exiting
2022/02/13 19:54:33 [notice] 35#35: exit
2022/02/13 19:54:33 [notice] 31#31: exit
2022/02/13 19:54:33 [notice] 37#37: exit
2022/02/13 19:54:33 [notice] 30#30: exit
2022/02/13 19:54:33 [notice] 33#33: exit
2022/02/13 19:54:33 [notice] 34#34: exit
2022/02/13 19:54:33 [notice] 32#32: exit
2022/02/13 19:54:33 [notice] 36#36: exit
2022/02/13 19:54:33 [notice] 1#1: signal 17 (SIGCHLD) received from 37
2022/02/13 19:54:33 [notice] 1#1: worker process 32 exited with code 0
2022/02/13 19:54:33 [notice] 1#1: worker process 34 exited with code 0
2022/02/13 19:54:33 [notice] 1#1: worker process 37 exited with code 0
2022/02/13 19:54:33 [notice] 1#1: signal 29 (SIGIO) received
2022/02/13 19:54:33 [notice] 1#1: signal 17 (SIGCHLD) received from 35
2022/02/13 19:54:33 [notice] 1#1: worker process 35 exited with code 0
2022/02/13 19:54:33 [notice] 1#1: signal 29 (SIGIO) received
2022/02/13 19:54:33 [notice] 1#1: signal 17 (SIGCHLD) received from 36
2022/02/13 19:54:33 [notice] 1#1: worker process 36 exited with code 0
2022/02/13 19:54:33 [notice] 1#1: signal 29 (SIGIO) received
2022/02/13 19:54:33 [notice] 1#1: signal 17 (SIGCHLD) received from 30
2022/02/13 19:54:33 [notice] 1#1: worker process 30 exited with code 0
2022/02/13 19:54:33 [notice] 1#1: signal 29 (SIGIO) received
2022/02/13 19:54:33 [notice] 1#1: signal 17 (SIGCHLD) received from 31
2022/02/13 19:54:33 [notice] 1#1: worker process 31 exited with code 0
2022/02/13 19:54:33 [notice] 1#1: worker process 33 exited with code 0
2022/02/13 19:54:33 [notice] 1#1: exit
2022/02/13 19:54:52 [notice] 1#1: using the "epoll" event method
2022/02/13 19:54:52 [notice] 1#1: nginx/1.21.6
2022/02/13 19:54:52 [notice] 1#1: built by gcc 10.2.1 20210110 (Debian 10.2.1-6) 
2022/02/13 19:54:52 [notice] 1#1: OS: Linux 5.10.16.3-microsoft-standard-WSL2
2022/02/13 19:54:52 [notice] 1#1: getrlimit(RLIMIT_NOFILE): 1048576:1048576
2022/02/13 19:54:52 [notice] 1#1: start worker processes
2022/02/13 19:54:52 [notice] 1#1: start worker process 31
2022/02/13 19:54:52 [notice] 1#1: start worker process 32
2022/02/13 19:54:52 [notice] 1#1: start worker process 33
2022/02/13 19:54:52 [notice] 1#1: start worker process 34
2022/02/13 19:54:52 [notice] 1#1: start worker process 35
2022/02/13 19:54:52 [notice] 1#1: start worker process 36
2022/02/13 19:54:52 [notice] 1#1: start worker process 37
2022/02/13 19:54:52 [notice] 1#1: start worker process 38
2022/02/13 20:00:51 [notice] 1#1: signal 3 (SIGQUIT) received, shutting down
2022/02/13 20:00:51 [notice] 31#31: gracefully shutting down
2022/02/13 20:00:51 [notice] 31#31: exiting
2022/02/13 20:00:51 [notice] 36#36: gracefully shutting down
2022/02/13 20:00:51 [notice] 36#36: exiting
2022/02/13 20:00:51 [notice] 38#38: gracefully shutting down
2022/02/13 20:00:51 [notice] 34#34: gracefully shutting down
2022/02/13 20:00:51 [notice] 32#32: gracefully shutting down
2022/02/13 20:00:51 [notice] 35#35: gracefully shutting down
2022/02/13 20:00:51 [notice] 37#37: gracefully shutting down
2022/02/13 20:00:51 [notice] 37#37: exiting
2022/02/13 20:00:51 [notice] 33#33: gracefully shutting down
2022/02/13 20:00:51 [notice] 31#31: exit
2022/02/13 20:00:51 [notice] 36#36: exit
2022/02/13 20:00:51 [notice] 38#38: exiting
2022/02/13 20:00:51 [notice] 34#34: exiting
2022/02/13 20:00:51 [notice] 32#32: exiting
2022/02/13 20:00:51 [notice] 35#35: exiting
2022/02/13 20:00:51 [notice] 37#37: exit
2022/02/13 20:00:51 [notice] 33#33: exiting
2022/02/13 20:00:51 [notice] 38#38: exit
2022/02/13 20:00:51 [notice] 34#34: exit
2022/02/13 20:00:51 [notice] 32#32: exit
2022/02/13 20:00:51 [notice] 35#35: exit
2022/02/13 20:00:51 [notice] 33#33: exit
2022/02/13 20:00:52 [notice] 1#1: signal 17 (SIGCHLD) received from 36
2022/02/13 20:00:52 [notice] 1#1: worker process 31 exited with code 0
2022/02/13 20:00:52 [notice] 1#1: worker process 32 exited with code 0
2022/02/13 20:00:52 [notice] 1#1: worker process 33 exited with code 0
2022/02/13 20:00:52 [notice] 1#1: worker process 34 exited with code 0
2022/02/13 20:00:52 [notice] 1#1: worker process 35 exited with code 0
2022/02/13 20:00:52 [notice] 1#1: worker process 36 exited with code 0
2022/02/13 20:00:52 [notice] 1#1: worker process 37 exited with code 0
2022/02/13 20:00:52 [notice] 1#1: worker process 38 exited with code 0
2022/02/13 20:00:52 [notice] 1#1: exit
2022/02/13 20:01:12 [notice] 1#1: using the "epoll" event method
2022/02/13 20:01:12 [notice] 1#1: nginx/1.21.6
2022/02/13 20:01:12 [notice] 1#1: built by gcc 10.2.1 20210110 (Debian 10.2.1-6) 
2022/02/13 20:01:12 [notice] 1#1: OS: Linux 5.10.16.3-microsoft-standard-WSL2
2022/02/13 20:01:12 [notice] 1#1: getrlimit(RLIMIT_NOFILE): 1048576:1048576
2022/02/13 20:01:12 [notice] 1#1: start worker processes
2022/02/13 20:01:12 [notice] 1#1: start worker process 30
2022/02/13 20:01:12 [notice] 1#1: start worker process 31
2022/02/13 20:01:12 [notice] 1#1: start worker process 32
2022/02/13 20:01:12 [notice] 1#1: start worker process 33
2022/02/13 20:01:12 [notice] 1#1: start worker process 34
2022/02/13 20:01:12 [notice] 1#1: start worker process 35
2022/02/13 20:01:12 [notice] 1#1: start worker process 36
2022/02/13 20:01:12 [notice] 1#1: start worker process 37
2022/02/13 20:04:08 [notice] 1#1: signal 3 (SIGQUIT) received, shutting down
2022/02/13 20:04:08 [notice] 31#31: gracefully shutting down
2022/02/13 20:04:08 [notice] 30#30: gracefully shutting down
2022/02/13 20:04:08 [notice] 30#30: exiting
2022/02/13 20:04:08 [notice] 32#32: gracefully shutting down
2022/02/13 20:04:08 [notice] 36#36: gracefully shutting down
2022/02/13 20:04:08 [notice] 33#33: gracefully shutting down
2022/02/13 20:04:08 [notice] 33#33: exiting
2022/02/13 20:04:08 [notice] 34#34: gracefully shutting down
2022/02/13 20:04:08 [notice] 37#37: gracefully shutting down
2022/02/13 20:04:08 [notice] 35#35: gracefully shutting down
2022/02/13 20:04:08 [notice] 31#31: exiting
2022/02/13 20:04:08 [notice] 30#30: exit
2022/02/13 20:04:08 [notice] 32#32: exiting
2022/02/13 20:04:08 [notice] 36#36: exiting
2022/02/13 20:04:08 [notice] 33#33: exit
2022/02/13 20:04:08 [notice] 34#34: exiting
2022/02/13 20:04:08 [notice] 37#37: exiting
2022/02/13 20:04:08 [notice] 35#35: exiting
2022/02/13 20:04:08 [notice] 31#31: exit
2022/02/13 20:04:08 [notice] 32#32: exit
2022/02/13 20:04:08 [notice] 36#36: exit
2022/02/13 20:04:08 [notice] 34#34: exit
2022/02/13 20:04:08 [notice] 37#37: exit
2022/02/13 20:04:08 [notice] 35#35: exit
2022/02/13 20:04:08 [notice] 1#1: signal 17 (SIGCHLD) received from 32
2022/02/13 20:04:08 [notice] 1#1: worker process 32 exited with code 0
2022/02/13 20:04:08 [notice] 1#1: signal 29 (SIGIO) received
2022/02/13 20:04:08 [notice] 1#1: signal 17 (SIGCHLD) received from 31
2022/02/13 20:04:08 [notice] 1#1: worker process 30 exited with code 0
2022/02/13 20:04:08 [notice] 1#1: worker process 31 exited with code 0
2022/02/13 20:04:08 [notice] 1#1: worker process 33 exited with code 0
2022/02/13 20:04:08 [notice] 1#1: worker process 34 exited with code 0
2022/02/13 20:04:08 [notice] 1#1: worker process 36 exited with code 0
2022/02/13 20:04:08 [notice] 1#1: worker process 37 exited with code 0
2022/02/13 20:04:08 [notice] 1#1: signal 29 (SIGIO) received
2022/02/13 20:04:08 [notice] 1#1: signal 17 (SIGCHLD) received from 35
2022/02/13 20:04:08 [notice] 1#1: worker process 35 exited with code 0
2022/02/13 20:04:08 [notice] 1#1: exit
2022/02/13 20:04:14 [notice] 1#1: using the "epoll" event method
2022/02/13 20:04:14 [notice] 1#1: nginx/1.21.6
2022/02/13 20:04:14 [notice] 1#1: built by gcc 10.2.1 20210110 (Debian 10.2.1-6) 
2022/02/13 20:04:14 [notice] 1#1: OS: Linux 5.10.16.3-microsoft-standard-WSL2
2022/02/13 20:04:14 [notice] 1#1: getrlimit(RLIMIT_NOFILE): 1048576:1048576
2022/02/13 20:04:14 [notice] 1#1: start worker processes
2022/02/13 20:04:14 [notice] 1#1: start worker process 31
2022/02/13 20:04:14 [notice] 1#1: start worker process 32
2022/02/13 20:04:14 [notice] 1#1: start worker process 33
2022/02/13 20:04:14 [notice] 1#1: start worker process 34
2022/02/13 20:04:14 [notice] 1#1: start worker process 35
2022/02/13 20:04:14 [notice] 1#1: start worker process 36
2022/02/13 20:04:14 [notice] 1#1: start worker process 37
2022/02/13 20:04:14 [notice] 1#1: start worker process 38
2022/02/13 20:06:39 [warn] 31#31: *25 a client request body is buffered to a temporary file /var/cache/nginx/client_temp/0000000001, client: 172.18.0.1, server: smartwallet.com, request: "POST /api/v1/wallet/layouts/create HTTP/1.1", host: "localhost:8080", referrer: "http://localhost:8080/"
2022/02/14 04:54:44 [notice] 1#1: signal 3 (SIGQUIT) received, shutting down
2022/02/14 04:54:44 [notice] 33#33: gracefully shutting down
2022/02/14 04:54:44 [notice] 31#31: gracefully shutting down
2022/02/14 04:54:44 [notice] 34#34: gracefully shutting down
2022/02/14 04:54:44 [notice] 32#32: gracefully shutting down
2022/02/14 04:54:44 [notice] 36#36: gracefully shutting down
2022/02/14 04:54:44 [notice] 38#38: gracefully shutting down
2022/02/14 04:54:44 [notice] 35#35: gracefully shutting down
2022/02/14 04:54:44 [notice] 37#37: gracefully shutting down
2022/02/14 04:54:44 [notice] 32#32: exiting
2022/02/14 04:54:44 [notice] 33#33: exiting
2022/02/14 04:54:44 [notice] 34#34: exiting
2022/02/14 04:54:44 [notice] 38#38: exiting
2022/02/14 04:54:44 [notice] 31#31: exiting
2022/02/14 04:54:44 [notice] 36#36: exiting
2022/02/14 04:54:44 [notice] 35#35: exiting
2022/02/14 04:54:44 [notice] 31#31: exit
2022/02/14 04:54:44 [notice] 37#37: exiting
2022/02/14 04:54:44 [notice] 34#34: exit
2022/02/14 04:54:44 [notice] 33#33: exit
2022/02/14 04:54:44 [notice] 38#38: exit
2022/02/14 04:54:44 [notice] 32#32: exit
2022/02/14 04:54:44 [notice] 35#35: exit
2022/02/14 04:54:44 [notice] 36#36: exit
2022/02/14 04:54:44 [notice] 37#37: exit
2022/02/14 04:54:44 [notice] 1#1: signal 17 (SIGCHLD) received from 38
2022/02/14 04:54:44 [notice] 1#1: worker process 32 exited with code 0
2022/02/14 04:54:44 [notice] 1#1: worker process 33 exited with code 0
2022/02/14 04:54:44 [notice] 1#1: worker process 35 exited with code 0
2022/02/14 04:54:44 [notice] 1#1: worker process 36 exited with code 0
2022/02/14 04:54:44 [notice] 1#1: worker process 38 exited with code 0
2022/02/14 04:54:44 [notice] 1#1: signal 29 (SIGIO) received
2022/02/14 04:54:44 [notice] 1#1: signal 17 (SIGCHLD) received from 35
2022/02/14 04:54:44 [notice] 1#1: signal 17 (SIGCHLD) received from 34
2022/02/14 04:54:44 [notice] 1#1: worker process 34 exited with code 0
2022/02/14 04:54:44 [notice] 1#1: signal 29 (SIGIO) received
2022/02/14 04:54:44 [notice] 1#1: signal 17 (SIGCHLD) received from 31
2022/02/14 04:54:44 [notice] 1#1: worker process 31 exited with code 0
2022/02/14 04:54:44 [notice] 1#1: signal 29 (SIGIO) received
2022/02/14 04:54:44 [notice] 1#1: signal 17 (SIGCHLD) received from 37
2022/02/14 04:54:44 [notice] 1#1: worker process 37 exited with code 0
2022/02/14 04:54:44 [notice] 1#1: exit
2022/02/14 10:36:49 [emerg] 1#1: host not found in upstream "smartwallet_php" in /etc/nginx/conf.d/default.conf:31
2022/02/14 10:53:33 [emerg] 1#1: host not found in upstream "smartwallet_php" in /etc/nginx/conf.d/default.conf:31
2022/02/14 10:54:33 [notice] 1#1: using the "epoll" event method
2022/02/14 10:54:33 [notice] 1#1: nginx/1.21.6
2022/02/14 10:54:33 [notice] 1#1: built by gcc 10.2.1 20210110 (Debian 10.2.1-6) 
2022/02/14 10:54:33 [notice] 1#1: OS: Linux 5.10.16.3-microsoft-standard-WSL2
2022/02/14 10:54:33 [notice] 1#1: getrlimit(RLIMIT_NOFILE): 1048576:1048576
2022/02/14 10:54:33 [notice] 1#1: start worker processes
2022/02/14 10:54:33 [notice] 1#1: start worker process 31
2022/02/14 10:54:33 [notice] 1#1: start worker process 32
2022/02/14 10:54:33 [notice] 1#1: start worker process 33
2022/02/14 10:54:33 [notice] 1#1: start worker process 34
2022/02/14 10:54:33 [notice] 1#1: start worker process 35
2022/02/14 10:54:33 [notice] 1#1: start worker process 36
2022/02/14 10:54:33 [notice] 1#1: start worker process 37
2022/02/14 10:54:33 [notice] 1#1: start worker process 38
2022/02/14 12:42:11 [notice] 1#1: signal 3 (SIGQUIT) received, shutting down
2022/02/14 12:42:11 [notice] 32#32: gracefully shutting down
2022/02/14 12:42:11 [notice] 33#33: gracefully shutting down
2022/02/14 12:42:11 [notice] 37#37: gracefully shutting down
2022/02/14 12:42:11 [notice] 31#31: gracefully shutting down
2022/02/14 12:42:11 [notice] 35#35: gracefully shutting down
2022/02/14 12:42:11 [notice] 36#36: gracefully shutting down
2022/02/14 12:42:11 [notice] 34#34: gracefully shutting down
2022/02/14 12:42:11 [notice] 37#37: exiting
2022/02/14 12:42:11 [notice] 38#38: gracefully shutting down
2022/02/14 12:42:11 [notice] 33#33: exiting
2022/02/14 12:42:11 [notice] 36#36: exiting
2022/02/14 12:42:11 [notice] 34#34: exiting
2022/02/14 12:42:11 [notice] 32#32: exiting
2022/02/14 12:42:11 [notice] 38#38: exiting
2022/02/14 12:42:11 [notice] 31#31: exiting
2022/02/14 12:42:11 [notice] 35#35: exiting
2022/02/14 12:42:11 [notice] 32#32: exit
2022/02/14 12:42:11 [notice] 37#37: exit
2022/02/14 12:42:11 [notice] 33#33: exit
2022/02/14 12:42:11 [notice] 38#38: exit
2022/02/14 12:42:11 [notice] 36#36: exit
2022/02/14 12:42:11 [notice] 34#34: exit
2022/02/14 12:42:11 [notice] 35#35: exit
2022/02/14 12:42:11 [notice] 31#31: exit
2022/02/14 12:42:11 [notice] 1#1: signal 17 (SIGCHLD) received from 31
2022/02/14 12:42:11 [notice] 1#1: worker process 31 exited with code 0
2022/02/14 12:42:11 [notice] 1#1: signal 29 (SIGIO) received
2022/02/14 12:42:11 [notice] 1#1: signal 17 (SIGCHLD) received from 38
2022/02/14 12:42:11 [notice] 1#1: worker process 37 exited with code 0
2022/02/14 12:42:11 [notice] 1#1: worker process 38 exited with code 0
2022/02/14 12:42:11 [notice] 1#1: signal 29 (SIGIO) received
2022/02/14 12:42:11 [notice] 1#1: signal 17 (SIGCHLD) received from 33
2022/02/14 12:42:11 [notice] 1#1: worker process 33 exited with code 0
2022/02/14 12:42:11 [notice] 1#1: signal 29 (SIGIO) received
2022/02/14 12:42:11 [notice] 1#1: signal 17 (SIGCHLD) received from 35
2022/02/14 12:42:11 [notice] 1#1: worker process 35 exited with code 0
2022/02/14 12:42:11 [notice] 1#1: worker process 36 exited with code 0
2022/02/14 12:42:11 [notice] 1#1: signal 29 (SIGIO) received
2022/02/14 12:42:11 [notice] 1#1: signal 17 (SIGCHLD) received from 32
2022/02/14 12:42:11 [notice] 1#1: worker process 32 exited with code 0
2022/02/14 12:42:11 [notice] 1#1: worker process 34 exited with code 0
2022/02/14 12:42:11 [notice] 1#1: exit
2022/02/14 15:25:05 [emerg] 1#1: host not found in upstream "smartwallet_php" in /etc/nginx/conf.d/default.conf:31
2022/02/14 15:27:28 [notice] 1#1: using the "epoll" event method
2022/02/14 15:27:28 [notice] 1#1: nginx/1.21.6
2022/02/14 15:27:28 [notice] 1#1: built by gcc 10.2.1 20210110 (Debian 10.2.1-6) 
2022/02/14 15:27:28 [notice] 1#1: OS: Linux 5.10.16.3-microsoft-standard-WSL2
2022/02/14 15:27:28 [notice] 1#1: getrlimit(RLIMIT_NOFILE): 1048576:1048576
2022/02/14 15:27:28 [notice] 1#1: start worker processes
2022/02/14 15:27:28 [notice] 1#1: start worker process 32
2022/02/14 15:27:28 [notice] 1#1: start worker process 33
2022/02/14 15:27:28 [notice] 1#1: start worker process 34
2022/02/14 15:27:28 [notice] 1#1: start worker process 35
2022/02/14 15:27:28 [notice] 1#1: start worker process 36
2022/02/14 15:27:28 [notice] 1#1: start worker process 37
2022/02/14 15:27:28 [notice] 1#1: start worker process 38
2022/02/14 15:27:28 [notice] 1#1: start worker process 39
2022/02/15 07:51:21 [notice] 1#1: signal 3 (SIGQUIT) received, shutting down
2022/02/15 07:51:21 [notice] 32#32: gracefully shutting down
2022/02/15 07:51:21 [notice] 34#34: gracefully shutting down
2022/02/15 07:51:21 [notice] 35#35: gracefully shutting down
2022/02/15 07:51:21 [notice] 36#36: gracefully shutting down
2022/02/15 07:51:21 [notice] 38#38: gracefully shutting down
2022/02/15 07:51:21 [notice] 37#37: gracefully shutting down
2022/02/15 07:51:21 [notice] 35#35: exiting
2022/02/15 07:51:21 [notice] 33#33: gracefully shutting down
2022/02/15 07:51:21 [notice] 39#39: gracefully shutting down
2022/02/15 07:51:21 [notice] 37#37: exiting
2022/02/15 07:51:21 [notice] 33#33: exiting
2022/02/15 07:51:21 [notice] 34#34: exiting
2022/02/15 07:51:21 [notice] 39#39: exiting
2022/02/15 07:51:21 [notice] 36#36: exiting
2022/02/15 07:51:21 [notice] 38#38: exiting
2022/02/15 07:51:21 [notice] 32#32: exiting
2022/02/15 07:51:21 [notice] 33#33: exit
2022/02/15 07:51:21 [notice] 32#32: exit
2022/02/15 07:51:21 [notice] 35#35: exit
2022/02/15 07:51:21 [notice] 34#34: exit
2022/02/15 07:51:21 [notice] 39#39: exit
2022/02/15 07:51:21 [notice] 37#37: exit
2022/02/15 07:51:21 [notice] 38#38: exit
2022/02/15 07:51:21 [notice] 36#36: exit
2022/02/15 07:51:21 [notice] 1#1: signal 17 (SIGCHLD) received from 32
2022/02/15 07:51:21 [notice] 1#1: worker process 32 exited with code 0
2022/02/15 07:51:21 [notice] 1#1: worker process 34 exited with code 0
2022/02/15 07:51:21 [notice] 1#1: worker process 35 exited with code 0
2022/02/15 07:51:21 [notice] 1#1: worker process 37 exited with code 0
2022/02/15 07:51:21 [notice] 1#1: worker process 38 exited with code 0
2022/02/15 07:51:21 [notice] 1#1: worker process 39 exited with code 0
2022/02/15 07:51:21 [notice] 1#1: signal 29 (SIGIO) received
2022/02/15 07:51:21 [notice] 1#1: signal 17 (SIGCHLD) received from 37
2022/02/15 07:51:21 [notice] 1#1: signal 17 (SIGCHLD) received from 33
2022/02/15 07:51:21 [notice] 1#1: worker process 33 exited with code 0
2022/02/15 07:51:21 [notice] 1#1: signal 29 (SIGIO) received
2022/02/15 07:51:21 [notice] 1#1: signal 17 (SIGCHLD) received from 36
2022/02/15 07:51:21 [notice] 1#1: worker process 36 exited with code 0
2022/02/15 07:51:21 [notice] 1#1: exit
2022/02/15 08:04:36 [emerg] 1#1: host not found in upstream "smartwallet_php" in /etc/nginx/conf.d/default.conf:31
2022/02/15 08:04:50 [emerg] 1#1: host not found in upstream "smartwallet_php" in /etc/nginx/conf.d/default.conf:31
2022/02/15 08:05:08 [notice] 1#1: using the "epoll" event method
2022/02/15 08:05:08 [notice] 1#1: nginx/1.21.6
2022/02/15 08:05:08 [notice] 1#1: built by gcc 10.2.1 20210110 (Debian 10.2.1-6) 
2022/02/15 08:05:08 [notice] 1#1: OS: Linux 5.10.16.3-microsoft-standard-WSL2
2022/02/15 08:05:08 [notice] 1#1: getrlimit(RLIMIT_NOFILE): 1048576:1048576
2022/02/15 08:05:08 [notice] 1#1: start worker processes
2022/02/15 08:05:08 [notice] 1#1: start worker process 31
2022/02/15 08:05:08 [notice] 1#1: start worker process 32
2022/02/15 08:05:08 [notice] 1#1: start worker process 33
2022/02/15 08:05:08 [notice] 1#1: start worker process 34
2022/02/15 08:05:08 [notice] 1#1: start worker process 35
2022/02/15 08:05:08 [notice] 1#1: start worker process 36
2022/02/15 08:05:08 [notice] 1#1: start worker process 37
2022/02/15 08:05:08 [notice] 1#1: start worker process 38
2022/02/15 08:11:18 [notice] 1#1: signal 3 (SIGQUIT) received, shutting down
2022/02/15 08:11:18 [notice] 31#31: gracefully shutting down
2022/02/15 08:11:18 [notice] 33#33: gracefully shutting down
2022/02/15 08:11:18 [notice] 35#35: gracefully shutting down
2022/02/15 08:11:18 [notice] 32#32: gracefully shutting down
2022/02/15 08:11:18 [notice] 35#35: exiting
2022/02/15 08:11:18 [notice] 34#34: gracefully shutting down
2022/02/15 08:11:18 [notice] 36#36: gracefully shutting down
2022/02/15 08:11:18 [notice] 37#37: gracefully shutting down
2022/02/15 08:11:18 [notice] 36#36: exiting
2022/02/15 08:11:18 [notice] 38#38: gracefully shutting down
2022/02/15 08:11:18 [notice] 31#31: exiting
2022/02/15 08:11:18 [notice] 33#33: exiting
2022/02/15 08:11:18 [notice] 32#32: exiting
2022/02/15 08:11:18 [notice] 35#35: exit
2022/02/15 08:11:18 [notice] 34#34: exiting
2022/02/15 08:11:18 [notice] 37#37: exiting
2022/02/15 08:11:18 [notice] 34#34: exit
2022/02/15 08:11:18 [notice] 36#36: exit
2022/02/15 08:11:18 [notice] 38#38: exiting
2022/02/15 08:11:18 [notice] 31#31: exit
2022/02/15 08:11:18 [notice] 38#38: exit
2022/02/15 08:11:18 [notice] 33#33: exit
2022/02/15 08:11:18 [notice] 32#32: exit
2022/02/15 08:11:18 [notice] 37#37: exit
2022/02/15 08:11:18 [notice] 1#1: signal 17 (SIGCHLD) received from 36
2022/02/15 08:11:18 [notice] 1#1: worker process 34 exited with code 0
2022/02/15 08:11:18 [notice] 1#1: worker process 36 exited with code 0
2022/02/15 08:11:18 [notice] 1#1: signal 29 (SIGIO) received
2022/02/15 08:11:18 [notice] 1#1: signal 17 (SIGCHLD) received from 38
2022/02/15 08:11:18 [notice] 1#1: worker process 35 exited with code 0
2022/02/15 08:11:18 [notice] 1#1: worker process 38 exited with code 0
2022/02/15 08:11:18 [notice] 1#1: signal 29 (SIGIO) received
2022/02/15 08:11:18 [notice] 1#1: signal 17 (SIGCHLD) received from 33
2022/02/15 08:11:18 [notice] 1#1: worker process 31 exited with code 0
2022/02/15 08:11:18 [notice] 1#1: worker process 32 exited with code 0
2022/02/15 08:11:18 [notice] 1#1: worker process 33 exited with code 0
2022/02/15 08:11:18 [notice] 1#1: worker process 37 exited with code 0
2022/02/15 08:11:18 [notice] 1#1: exit
2022/02/18 13:12:09 [notice] 1#1: using the "epoll" event method
2022/02/18 13:12:09 [notice] 1#1: nginx/1.21.6
2022/02/18 13:12:09 [notice] 1#1: built by gcc 10.2.1 20210110 (Debian 10.2.1-6) 
2022/02/18 13:12:09 [notice] 1#1: OS: Linux 5.10.16.3-microsoft-standard-WSL2
2022/02/18 13:12:09 [notice] 1#1: getrlimit(RLIMIT_NOFILE): 1048576:1048576
2022/02/18 13:12:09 [notice] 1#1: start worker processes
2022/02/18 13:12:09 [notice] 1#1: start worker process 30
2022/02/18 13:12:09 [notice] 1#1: start worker process 31
2022/02/18 13:12:09 [notice] 1#1: start worker process 32
2022/02/18 13:12:09 [notice] 1#1: start worker process 33
2022/02/18 13:12:09 [notice] 1#1: start worker process 34
2022/02/18 13:12:09 [notice] 1#1: start worker process 35
2022/02/18 13:12:09 [notice] 1#1: start worker process 36
2022/02/18 13:12:09 [notice] 1#1: start worker process 37
2022/02/18 13:16:22 [warn] 31#31: *33 a client request body is buffered to a temporary file /var/cache/nginx/client_temp/0000000001, client: 172.18.0.1, server: smartwallet.com, request: "POST /api/v1/wallet/layouts/create HTTP/1.1", host: "localhost:8080", referrer: "http://localhost:8080/"
2022/02/20 11:57:13 [notice] 1#1: using the "epoll" event method
2022/02/20 11:57:13 [notice] 1#1: nginx/1.21.6
2022/02/20 11:57:13 [notice] 1#1: built by gcc 10.2.1 20210110 (Debian 10.2.1-6) 
2022/02/20 11:57:13 [notice] 1#1: OS: Linux 5.10.16.3-microsoft-standard-WSL2
2022/02/20 11:57:13 [notice] 1#1: getrlimit(RLIMIT_NOFILE): 1048576:1048576
2022/02/20 11:57:13 [notice] 1#1: start worker processes
2022/02/20 11:57:13 [notice] 1#1: start worker process 31
2022/02/20 11:57:13 [notice] 1#1: start worker process 32
2022/02/20 11:57:13 [notice] 1#1: start worker process 33
2022/02/20 11:57:13 [notice] 1#1: start worker process 34
2022/02/20 11:57:13 [notice] 1#1: start worker process 35
2022/02/20 11:57:13 [notice] 1#1: start worker process 36
2022/02/20 11:57:13 [notice] 1#1: start worker process 37
2022/02/20 11:57:13 [notice] 1#1: start worker process 38
2022/02/20 12:05:38 [warn] 31#31: *21 a client request body is buffered to a temporary file /var/cache/nginx/client_temp/0000000001, client: 172.18.0.1, server: smartwallet.com, request: "POST /api/v1/wallet/layouts/create HTTP/1.1", host: "localhost:8080", referrer: "http://localhost:8080/"
2022/02/20 12:05:42 [warn] 31#31: *23 a client request body is buffered to a temporary file /var/cache/nginx/client_temp/0000000002, client: 172.18.0.1, server: smartwallet.com, request: "POST /api/v1/wallet/layouts/create HTTP/1.1", host: "localhost:8080", referrer: "http://localhost:8080/"
2022/02/20 12:05:51 [warn] 31#31: *23 a client request body is buffered to a temporary file /var/cache/nginx/client_temp/0000000003, client: 172.18.0.1, server: smartwallet.com, request: "POST /api/v1/wallet/layouts/create HTTP/1.1", host: "localhost:8080", referrer: "http://localhost:8080/"
2022/02/20 12:06:02 [warn] 31#31: *23 a client request body is buffered to a temporary file /var/cache/nginx/client_temp/0000000004, client: 172.18.0.1, server: smartwallet.com, request: "POST /api/v1/wallet/layouts/create HTTP/1.1", host: "localhost:8080", referrer: "http://localhost:8080/"
2022/02/20 15:34:27 [notice] 1#1: signal 3 (SIGQUIT) received, shutting down
2022/02/20 15:34:27 [notice] 36#36: gracefully shutting down
2022/02/20 15:34:27 [notice] 33#33: gracefully shutting down
2022/02/20 15:34:27 [notice] 31#31: gracefully shutting down
2022/02/20 15:34:27 [notice] 34#34: gracefully shutting down
2022/02/20 15:34:27 [notice] 35#35: gracefully shutting down
2022/02/20 15:34:27 [notice] 32#32: gracefully shutting down
2022/02/20 15:34:27 [notice] 34#34: exiting
2022/02/20 15:34:27 [notice] 38#38: gracefully shutting down
2022/02/20 15:34:27 [notice] 33#33: exiting
2022/02/20 15:34:27 [notice] 31#31: exiting
2022/02/20 15:34:27 [notice] 37#37: gracefully shutting down
2022/02/20 15:34:27 [notice] 35#35: exiting
2022/02/20 15:34:27 [notice] 36#36: exiting
2022/02/20 15:34:27 [notice] 38#38: exiting
2022/02/20 15:34:27 [notice] 32#32: exiting
2022/02/20 15:34:27 [notice] 37#37: exiting
2022/02/20 15:34:27 [notice] 31#31: exit
2022/02/20 15:34:27 [notice] 33#33: exit
2022/02/20 15:34:27 [notice] 34#34: exit
2022/02/20 15:34:27 [notice] 36#36: exit
2022/02/20 15:34:27 [notice] 38#38: exit
2022/02/20 15:34:27 [notice] 35#35: exit
2022/02/20 15:34:27 [notice] 37#37: exit
2022/02/20 15:34:27 [notice] 32#32: exit
2022/02/20 15:34:27 [notice] 1#1: signal 17 (SIGCHLD) received from 38
2022/02/20 15:34:27 [notice] 1#1: worker process 36 exited with code 0
2022/02/20 15:34:27 [notice] 1#1: worker process 38 exited with code 0
2022/02/20 15:34:27 [notice] 1#1: signal 29 (SIGIO) received
2022/02/20 15:34:27 [notice] 1#1: signal 17 (SIGCHLD) received from 36
2022/02/20 15:34:27 [notice] 1#1: signal 17 (SIGCHLD) received from 31
2022/02/20 15:34:27 [notice] 1#1: worker process 31 exited with code 0
2022/02/20 15:34:27 [notice] 1#1: signal 29 (SIGIO) received
2022/02/20 15:34:27 [notice] 1#1: signal 17 (SIGCHLD) received from 33
2022/02/20 15:34:27 [notice] 1#1: worker process 33 exited with code 0
2022/02/20 15:34:27 [notice] 1#1: signal 29 (SIGIO) received
2022/02/20 15:34:27 [notice] 1#1: signal 17 (SIGCHLD) received from 35
2022/02/20 15:34:27 [notice] 1#1: worker process 32 exited with code 0
2022/02/20 15:34:27 [notice] 1#1: worker process 35 exited with code 0
2022/02/20 15:34:27 [notice] 1#1: signal 29 (SIGIO) received
2022/02/20 15:34:27 [notice] 1#1: signal 17 (SIGCHLD) received from 32
2022/02/20 15:34:27 [notice] 1#1: signal 17 (SIGCHLD) received from 34
2022/02/20 15:34:27 [notice] 1#1: worker process 34 exited with code 0
2022/02/20 15:34:27 [notice] 1#1: signal 29 (SIGIO) received
2022/02/20 15:34:27 [notice] 1#1: signal 17 (SIGCHLD) received from 37
2022/02/20 15:34:27 [notice] 1#1: worker process 37 exited with code 0
2022/02/20 15:34:27 [notice] 1#1: exit
2022/03/08 11:04:48 [notice] 1#1: using the "epoll" event method
2022/03/08 11:04:48 [notice] 1#1: nginx/1.21.6
2022/03/08 11:04:48 [notice] 1#1: built by gcc 10.2.1 20210110 (Debian 10.2.1-6) 
2022/03/08 11:04:48 [notice] 1#1: OS: Linux 5.10.16.3-microsoft-standard-WSL2
2022/03/08 11:04:48 [notice] 1#1: getrlimit(RLIMIT_NOFILE): 1048576:1048576
2022/03/08 11:04:48 [notice] 1#1: start worker processes
2022/03/08 11:04:48 [notice] 1#1: start worker process 33
2022/03/08 11:04:48 [notice] 1#1: start worker process 34
2022/03/08 11:04:48 [notice] 1#1: start worker process 35
2022/03/08 11:04:48 [notice] 1#1: start worker process 36
2022/03/08 11:04:48 [notice] 1#1: start worker process 37
2022/03/08 11:04:48 [notice] 1#1: start worker process 38
2022/03/08 11:04:48 [notice] 1#1: start worker process 39
2022/03/08 11:04:48 [notice] 1#1: start worker process 40
